<?xml version="1.0" encoding="UTF-8"?>
<coverage generated="1550122241357" clover="3.2.0">
  <project timestamp="1550122241358" name="All files">
    <metrics statements="118" coveredstatements="62" conditionals="47" coveredconditionals="10" methods="57" coveredmethods="30" elements="222" coveredelements="102" complexity="0" loc="118" ncloc="118" packages="3" files="12" classes="12">
      <package name="src">
        <metrics statements="49" coveredstatements="5" conditionals="32" coveredconditionals="0" methods="19" coveredmethods="4"/>
        <file name="App.js" path="/Users/zyp/Downloads/cr/my-app/src/App.js">
          <metrics statements="1" coveredstatements="1" conditionals="0" coveredconditionals="0" methods="1" coveredmethods="1"/>
          <line num="8" count="1" type="stmt"/>
        </file>
        <file name="index.js" path="/Users/zyp/Downloads/cr/my-app/src/index.js">
          <metrics statements="6" coveredstatements="0" conditionals="0" coveredconditionals="0" methods="0" coveredmethods="0"/>
          <line num="1" count="0" type="stmt"/>
          <line num="2" count="0" type="stmt"/>
          <line num="3" count="0" type="stmt"/>
          <line num="4" count="0" type="stmt"/>
          <line num="5" count="0" type="stmt"/>
          <line num="12" count="0" type="stmt"/>
        </file>
        <file name="index.stories.js" path="/Users/zyp/Downloads/cr/my-app/src/index.stories.js">
          <metrics statements="4" coveredstatements="4" conditionals="0" coveredconditionals="0" methods="3" coveredmethods="3"/>
          <line num="9" count="1" type="stmt"/>
          <line num="11" count="1" type="stmt"/>
          <line num="12" count="1" type="stmt"/>
          <line num="14" count="1" type="stmt"/>
        </file>
        <file name="serviceWorker.js" path="/Users/zyp/Downloads/cr/my-app/src/serviceWorker.js">
          <metrics statements="38" coveredstatements="0" conditionals="32" coveredconditionals="0" methods="15" coveredmethods="0"/>
          <line num="13" count="0" type="stmt"/>
          <line num="24" count="0" type="cond" truecount="0" falsecount="4"/>
          <line num="26" count="0" type="stmt"/>
          <line num="27" count="0" type="cond" truecount="0" falsecount="2"/>
          <line num="31" count="0" type="stmt"/>
          <line num="34" count="0" type="stmt"/>
          <line num="35" count="0" type="stmt"/>
          <line num="37" count="0" type="cond" truecount="0" falsecount="2"/>
          <line num="39" count="0" type="stmt"/>
          <line num="43" count="0" type="stmt"/>
          <line num="44" count="0" type="stmt"/>
          <line num="51" count="0" type="stmt"/>
          <line num="58" count="0" type="stmt"/>
          <line num="61" count="0" type="stmt"/>
          <line num="62" count="0" type="stmt"/>
          <line num="63" count="0" type="cond" truecount="0" falsecount="2"/>
          <line num="64" count="0" type="stmt"/>
          <line num="66" count="0" type="stmt"/>
          <line num="67" count="0" type="cond" truecount="0" falsecount="2"/>
          <line num="68" count="0" type="cond" truecount="0" falsecount="2"/>
          <line num="72" count="0" type="stmt"/>
          <line num="78" count="0" type="cond" truecount="0" falsecount="4"/>
          <line num="79" count="0" type="stmt"/>
          <line num="85" count="0" type="stmt"/>
          <line num="88" count="0" type="cond" truecount="0" falsecount="4"/>
          <line num="89" count="0" type="stmt"/>
          <line num="97" count="0" type="stmt"/>
          <line num="103" count="0" type="stmt"/>
          <line num="106" count="0" type="stmt"/>
          <line num="107" count="0" type="cond" truecount="0" falsecount="2"/>
          <line num="112" count="0" type="stmt"/>
          <line num="113" count="0" type="stmt"/>
          <line num="114" count="0" type="stmt"/>
          <line num="119" count="0" type="stmt"/>
          <line num="123" count="0" type="stmt"/>
          <line num="130" count="0" type="cond" truecount="0" falsecount="2"/>
          <line num="131" count="0" type="stmt"/>
          <line num="132" count="0" type="stmt"/>
        </file>
      </package>
      <package name="src.components">
        <metrics statements="57" coveredstatements="50" conditionals="10" coveredconditionals="9" methods="32" coveredmethods="25"/>
        <file name="DangerButton.js" path="/Users/zyp/Downloads/cr/my-app/src/components/DangerButton.js">
          <metrics statements="1" coveredstatements="1" conditionals="0" coveredconditionals="0" methods="1" coveredmethods="1"/>
          <line num="6" count="2" type="stmt"/>
        </file>
        <file name="InboxScreen.js" path="/Users/zyp/Downloads/cr/my-app/src/components/InboxScreen.js">
          <metrics statements="6" coveredstatements="6" conditionals="2" coveredconditionals="2" methods="2" coveredmethods="2"/>
          <line num="10" count="3" type="cond" truecount="2" falsecount="0"/>
          <line num="11" count="1" type="stmt"/>
          <line num="22" count="2" type="stmt"/>
          <line num="35" count="2" type="stmt"/>
          <line num="39" count="2" type="stmt"/>
          <line num="43" count="1" type="stmt"/>
        </file>
        <file name="InboxScreen.stories.js" path="/Users/zyp/Downloads/cr/my-app/src/components/InboxScreen.stories.js">
          <metrics statements="7" coveredstatements="7" conditionals="0" coveredconditionals="0" methods="5" coveredmethods="5"/>
          <line num="10" count="1" type="stmt"/>
          <line num="12" count="4" type="stmt"/>
          <line num="16" count="2" type="stmt"/>
          <line num="20" count="1" type="stmt"/>
          <line num="21" count="2" type="stmt"/>
          <line num="22" count="1" type="stmt"/>
          <line num="23" count="1" type="stmt"/>
        </file>
        <file name="Task.js" path="/Users/zyp/Downloads/cr/my-app/src/components/Task.js">
          <metrics statements="9" coveredstatements="4" conditionals="2" coveredconditionals="2" methods="6" coveredmethods="1"/>
          <line num="5" count="38" type="stmt"/>
          <line num="14" count="0" type="stmt"/>
          <line num="20" count="0" type="stmt"/>
          <line num="22" count="0" type="stmt"/>
          <line num="31" count="3" type="stmt"/>
          <line num="41" count="3" type="stmt"/>
          <line num="42" count="0" type="stmt"/>
          <line num="45" count="3" type="stmt"/>
          <line num="46" count="0" type="stmt"/>
        </file>
        <file name="Task.stories.js" path="/Users/zyp/Downloads/cr/my-app/src/components/Task.stories.js">
          <metrics statements="8" coveredstatements="8" conditionals="0" coveredconditionals="0" methods="4" coveredmethods="4"/>
          <line num="8" count="2" type="stmt"/>
          <line num="15" count="2" type="stmt"/>
          <line num="20" count="2" type="stmt"/>
          <line num="22" count="2" type="stmt"/>
          <line num="25" count="1" type="stmt"/>
          <line num="28" count="1" type="stmt"/>
          <line num="29" count="1" type="stmt"/>
          <line num="30" count="1" type="stmt"/>
        </file>
        <file name="TaskList.js" path="/Users/zyp/Downloads/cr/my-app/src/components/TaskList.js">
          <metrics statements="18" coveredstatements="16" conditionals="6" coveredconditionals="5" methods="9" coveredmethods="7"/>
          <line num="9" count="8" type="stmt"/>
          <line num="14" count="8" type="cond" truecount="2" falsecount="0"/>
          <line num="16" count="1" type="stmt"/>
          <line num="24" count="1" type="stmt"/>
          <line num="36" count="7" type="cond" truecount="2" falsecount="0"/>
          <line num="37" count="1" type="stmt"/>
          <line num="48" count="6" type="stmt"/>
          <line num="49" count="34" type="stmt"/>
          <line num="50" count="34" type="stmt"/>
          <line num="53" count="6" type="stmt"/>
          <line num="55" count="34" type="stmt"/>
          <line num="59" count="3" type="stmt"/>
          <line num="66" count="3" type="stmt"/>
          <line num="71" count="3" type="stmt"/>
          <line num="72" count="16" type="cond" truecount="1" falsecount="1"/>
          <line num="74" count="2" type="stmt"/>
          <line num="75" count="0" type="stmt"/>
          <line num="76" count="0" type="stmt"/>
        </file>
        <file name="TaskList.stories.js" path="/Users/zyp/Downloads/cr/my-app/src/components/TaskList.stories.js">
          <metrics statements="8" coveredstatements="8" conditionals="0" coveredconditionals="0" methods="5" coveredmethods="5"/>
          <line num="6" count="2" type="stmt"/>
          <line num="15" count="2" type="stmt"/>
          <line num="20" count="2" type="stmt"/>
          <line num="21" count="4" type="stmt"/>
          <line num="22" count="1" type="stmt"/>
          <line num="23" count="1" type="stmt"/>
          <line num="24" count="1" type="stmt"/>
          <line num="25" count="1" type="stmt"/>
        </file>
      </package>
      <package name="src.lib">
        <metrics statements="12" coveredstatements="7" conditionals="5" coveredconditionals="1" methods="6" coveredmethods="1"/>
        <file name="redux.js" path="/Users/zyp/Downloads/cr/my-app/src/lib/redux.js">
          <metrics statements="12" coveredstatements="7" conditionals="5" coveredconditionals="1" methods="6" coveredmethods="1"/>
          <line num="6" count="3" type="stmt"/>
          <line num="12" count="3" type="stmt"/>
          <line num="13" count="3" type="stmt"/>
          <line num="17" count="0" type="stmt"/>
          <line num="18" count="0" type="stmt"/>
          <line num="21" count="0" type="cond" truecount="0" falsecount="2"/>
          <line num="28" count="3" type="stmt"/>
          <line num="29" count="3" type="cond" truecount="1" falsecount="2"/>
          <line num="31" count="0" type="stmt"/>
          <line num="33" count="0" type="stmt"/>
          <line num="35" count="3" type="stmt"/>
          <line num="41" count="3" type="stmt"/>
        </file>
      </package>
    </metrics>
  </project>
</coverage>
