{"/Users/zyp/Downloads/cr/my-app/src/App.js": {"path":"/Users/zyp/Downloads/cr/my-app/src/App.js","statementMap":{"0":{"start":{"line":8,"column":4},"end":{"line":12,"column":6}}},"fnMap":{"0":{"name":"(anonymous_0)","decl":{"start":{"line":7,"column":2},"end":{"line":7,"column":3}},"loc":{"start":{"line":7,"column":11},"end":{"line":13,"column":3}},"line":7}},"branchMap":{},"s":{"0":1},"f":{"0":1},"b":{},"_coverageSchema":"332fd63041d2c1bcb487cc26dd0d5f7d97098a6c","hash":"1103eac729663564569897451124e2419e344aa7"}
,"/Users/zyp/Downloads/cr/my-app/src/index.js": {"path":"/Users/zyp/Downloads/cr/my-app/src/index.js","statementMap":{"0":{"start":{"line":1,"column":0},"end":{"line":null,"column":-1}},"1":{"start":{"line":2,"column":0},"end":{"line":null,"column":-1}},"2":{"start":{"line":3,"column":0},"end":{"line":null,"column":-1}},"3":{"start":{"line":4,"column":0},"end":{"line":null,"column":-1}},"4":{"start":{"line":5,"column":0},"end":{"line":null,"column":-1}},"5":{"start":{"line":12,"column":0},"end":{"line":null,"column":-1}}},"fnMap":{},"branchMap":{},"s":{"0":0,"1":0,"2":0,"3":0,"4":0,"5":0},"f":{},"b":{}}
,"/Users/zyp/Downloads/cr/my-app/src/index.stories.js": {"path":"/Users/zyp/Downloads/cr/my-app/src/index.stories.js","statementMap":{"0":{"start":{"line":9,"column":0},"end":{"line":9,"column":95}},"1":{"start":{"line":9,"column":55},"end":{"line":9,"column":93}},"2":{"start":{"line":11,"column":0},"end":{"line":19,"column":5}},"3":{"start":{"line":12,"column":26},"end":{"line":12,"column":83}},"4":{"start":{"line":14,"column":4},"end":{"line":18,"column":13}}},"fnMap":{"0":{"name":"(anonymous_0)","decl":{"start":{"line":9,"column":49},"end":{"line":9,"column":50}},"loc":{"start":{"line":9,"column":55},"end":{"line":9,"column":93}},"line":9},"1":{"name":"(anonymous_1)","decl":{"start":{"line":12,"column":20},"end":{"line":12,"column":21}},"loc":{"start":{"line":12,"column":26},"end":{"line":12,"column":83}},"line":12},"2":{"name":"(anonymous_2)","decl":{"start":{"line":13,"column":26},"end":{"line":13,"column":27}},"loc":{"start":{"line":14,"column":4},"end":{"line":18,"column":13}},"line":14}},"branchMap":{},"s":{"0":1,"1":1,"2":1,"3":1,"4":1},"f":{"0":1,"1":1,"2":1},"b":{},"_coverageSchema":"332fd63041d2c1bcb487cc26dd0d5f7d97098a6c","hash":"e8222ca285dcdfd5abf5531dda2bf0aafa7bb26c"}
,"/Users/zyp/Downloads/cr/my-app/src/serviceWorker.js": {"path":"/Users/zyp/Downloads/cr/my-app/src/serviceWorker.js","statementMap":{"0":{"start":{"line":13,"column":20},"end":{"line":13,"column":0}},"1":{"start":{"line":24,"column":2},"end":{"line":54,"column":3}},"2":{"start":{"line":26,"column":22},"end":{"line":26,"column":4}},"3":{"start":{"line":27,"column":4},"end":{"line":32,"column":5}},"4":{"start":{"line":31,"column":6},"end":{"line":null,"column":-1}},"5":{"start":{"line":34,"column":4},"end":{"line":null,"column":-1}},"6":{"start":{"line":35,"column":21},"end":{"line":35,"column":6}},"7":{"start":{"line":37,"column":6},"end":{"line":52,"column":7}},"8":{"start":{"line":39,"column":8},"end":{"line":37,"column":23}},"9":{"start":{"line":43,"column":8},"end":{"line":null,"column":-1}},"10":{"start":{"line":44,"column":10},"end":{"line":null,"column":-1}},"11":{"start":{"line":51,"column":8},"end":{"line":null,"column":-1}},"12":{"start":{"line":58,"column":2},"end":{"line":null,"column":-1}},"13":{"start":{"line":61,"column":6},"end":{"line":null,"column":-1}},"14":{"start":{"line":62,"column":33},"end":{"line":62,"column":8}},"15":{"start":{"line":63,"column":8},"end":{"line":65,"column":9}},"16":{"start":{"line":64,"column":10},"end":{"line":null,"column":-1}},"17":{"start":{"line":66,"column":8},"end":{"line":null,"column":-1}},"18":{"start":{"line":67,"column":10},"end":{"line":92,"column":11}},"19":{"start":{"line":68,"column":12},"end":{"line":91,"column":13}},"20":{"start":{"line":72,"column":14},"end":{"line":68,"column":52}},"21":{"start":{"line":78,"column":14},"end":{"line":80,"column":15}},"22":{"start":{"line":79,"column":16},"end":{"line":null,"column":-1}},"23":{"start":{"line":85,"column":14},"end":{"line":81,"column":19}},"24":{"start":{"line":88,"column":14},"end":{"line":90,"column":15}},"25":{"start":{"line":89,"column":16},"end":{"line":null,"column":-1}},"26":{"start":{"line":97,"column":6},"end":{"line":null,"column":-1}},"27":{"start":{"line":103,"column":2},"end":{"line":null,"column":-1}},"28":{"start":{"line":106,"column":26},"end":{"line":106,"column":6}},"29":{"start":{"line":107,"column":6},"end":{"line":120,"column":7}},"30":{"start":{"line":112,"column":8},"end":{"line":null,"column":-1}},"31":{"start":{"line":113,"column":10},"end":{"line":null,"column":-1}},"32":{"start":{"line":114,"column":12},"end":{"line":null,"column":-1}},"33":{"start":{"line":119,"column":8},"end":{"line":null,"column":-1}},"34":{"start":{"line":123,"column":6},"end":{"line":null,"column":-1}},"35":{"start":{"line":130,"column":2},"end":{"line":134,"column":3}},"36":{"start":{"line":131,"column":4},"end":{"line":null,"column":-1}},"37":{"start":{"line":132,"column":6},"end":{"line":null,"column":-1}}},"fnMap":{"0":{"name":"register","decl":{"start":{"line":23,"column":16},"end":{"line":23,"column":7}},"loc":{"start":{"line":23,"column":33},"end":{"line":55,"column":1}}},"1":{"name":"(anonymous_1)","decl":{"start":{"line":34,"column":36},"end":{"line":34,"column":41}},"loc":{"start":{"line":34,"column":42},"end":{"line":34,"column":4}}},"2":{"name":"(anonymous_2)","decl":{"start":{"line":43,"column":43},"end":{"line":43,"column":48}},"loc":{"start":{"line":43,"column":49},"end":{"line":43,"column":8}}},"3":{"name":"registerValidSW","decl":{"start":{"line":57,"column":9},"end":{"line":57,"column":0}},"loc":{"start":{"line":57,"column":40},"end":{"line":99,"column":1}}},"4":{"name":"(anonymous_4)","decl":{"start":{"line":60,"column":10},"end":{"line":60,"column":21}},"loc":{"start":{"line":60,"column":26},"end":{"line":58,"column":2}}},"5":{"name":"(anonymous_5)","decl":{"start":{"line":61,"column":35},"end":{"line":61,"column":40}},"loc":{"start":{"line":61,"column":41},"end":{"line":61,"column":6}}},"6":{"name":"(anonymous_6)","decl":{"start":{"line":66,"column":41},"end":{"line":66,"column":46}},"loc":{"start":{"line":66,"column":47},"end":{"line":66,"column":8}}},"7":{"name":"(anonymous_7)","decl":{"start":{"line":96,"column":11},"end":{"line":96,"column":15}},"loc":{"start":{"line":96,"column":20},"end":{"line":58,"column":2}}},"8":{"name":"checkValidServiceWorker","decl":{"start":{"line":101,"column":9},"end":{"line":101,"column":0}},"loc":{"start":{"line":101,"column":48},"end":{"line":127,"column":1}}},"9":{"name":"(anonymous_9)","decl":{"start":{"line":104,"column":10},"end":{"line":104,"column":17}},"loc":{"start":{"line":104,"column":22},"end":{"line":103,"column":2}}},"10":{"name":"(anonymous_10)","decl":{"start":{"line":112,"column":43},"end":{"line":112,"column":54}},"loc":{"start":{"line":112,"column":59},"end":{"line":112,"column":8}}},"11":{"name":"(anonymous_11)","decl":{"start":{"line":113,"column":41},"end":{"line":113,"column":46}},"loc":{"start":{"line":113,"column":47},"end":{"line":113,"column":10}}},"12":{"name":"(anonymous_12)","decl":{"start":{"line":122,"column":11},"end":{"line":122,"column":16}},"loc":{"start":{"line":122,"column":17},"end":{"line":103,"column":2}}},"13":{"name":"unregister","decl":{"start":{"line":129,"column":16},"end":{"line":129,"column":7}},"loc":{"start":{"line":129,"column":29},"end":{"line":135,"column":1}}},"14":{"name":"(anonymous_14)","decl":{"start":{"line":131,"column":39},"end":{"line":131,"column":50}},"loc":{"start":{"line":131,"column":55},"end":{"line":131,"column":4}}}},"branchMap":{"0":{"loc":{"start":{"line":14,"column":2},"end":{"line":14,"column":1}},"type":"binary-expr","locations":[{"start":{"line":14,"column":2},"end":{"line":14,"column":1}},{"start":{"line":16,"column":4},"end":{"line":14,"column":2}},{"start":{"line":18,"column":4},"end":{"line":13,"column":27}}]},"1":{"loc":{"start":{"line":24,"column":2},"end":{"line":54,"column":3}},"type":"if","locations":[{"start":{"line":24,"column":2},"end":{"line":54,"column":3}},{"start":{"line":24,"column":2},"end":{"line":54,"column":3}}]},"2":{"loc":{"start":{"line":24,"column":6},"end":{"line":24,"column":5}},"type":"binary-expr","locations":[{"start":{"line":24,"column":6},"end":{"line":24,"column":5}},{"start":{"line":24,"column":47},"end":{"line":24,"column":2}}]},"3":{"loc":{"start":{"line":27,"column":4},"end":{"line":32,"column":5}},"type":"if","locations":[{"start":{"line":27,"column":4},"end":{"line":32,"column":5}},{"start":{"line":27,"column":4},"end":{"line":32,"column":5}}]},"4":{"loc":{"start":{"line":37,"column":6},"end":{"line":52,"column":7}},"type":"if","locations":[{"start":{"line":37,"column":6},"end":{"line":52,"column":7}},{"start":{"line":37,"column":6},"end":{"line":52,"column":7}}]},"5":{"loc":{"start":{"line":63,"column":8},"end":{"line":65,"column":9}},"type":"if","locations":[{"start":{"line":63,"column":8},"end":{"line":65,"column":9}},{"start":{"line":63,"column":8},"end":{"line":65,"column":9}}]},"6":{"loc":{"start":{"line":67,"column":10},"end":{"line":92,"column":11}},"type":"if","locations":[{"start":{"line":67,"column":10},"end":{"line":92,"column":11}},{"start":{"line":67,"column":10},"end":{"line":92,"column":11}}]},"7":{"loc":{"start":{"line":68,"column":12},"end":{"line":91,"column":13}},"type":"if","locations":[{"start":{"line":68,"column":12},"end":{"line":91,"column":13}},{"start":{"line":68,"column":12},"end":{"line":91,"column":13}}]},"8":{"loc":{"start":{"line":78,"column":14},"end":{"line":80,"column":15}},"type":"if","locations":[{"start":{"line":78,"column":14},"end":{"line":80,"column":15}},{"start":{"line":78,"column":14},"end":{"line":80,"column":15}}]},"9":{"loc":{"start":{"line":78,"column":18},"end":{"line":78,"column":24}},"type":"binary-expr","locations":[{"start":{"line":78,"column":18},"end":{"line":78,"column":24}},{"start":{"line":78,"column":28},"end":{"line":78,"column":14}}]},"10":{"loc":{"start":{"line":88,"column":14},"end":{"line":90,"column":15}},"type":"if","locations":[{"start":{"line":88,"column":14},"end":{"line":90,"column":15}},{"start":{"line":88,"column":14},"end":{"line":90,"column":15}}]},"11":{"loc":{"start":{"line":88,"column":18},"end":{"line":88,"column":24}},"type":"binary-expr","locations":[{"start":{"line":88,"column":18},"end":{"line":88,"column":24}},{"start":{"line":88,"column":28},"end":{"line":88,"column":14}}]},"12":{"loc":{"start":{"line":107,"column":6},"end":{"line":120,"column":7}},"type":"if","locations":[{"start":{"line":107,"column":6},"end":{"line":120,"column":7}},{"start":{"line":107,"column":6},"end":{"line":120,"column":7}}]},"13":{"loc":{"start":{"line":108,"column":8},"end":{"line":108,"column":7}},"type":"binary-expr","locations":[{"start":{"line":108,"column":8},"end":{"line":108,"column":7}},{"start":{"line":109,"column":9},"end":{"line":109,"column":8}},{"start":{"line":109,"column":32},"end":{"line":107,"column":6}}]},"14":{"loc":{"start":{"line":130,"column":2},"end":{"line":134,"column":3}},"type":"if","locations":[{"start":{"line":130,"column":2},"end":{"line":134,"column":3}},{"start":{"line":130,"column":2},"end":{"line":134,"column":3}}]}},"s":{"0":0,"1":0,"2":0,"3":0,"4":0,"5":0,"6":0,"7":0,"8":0,"9":0,"10":0,"11":0,"12":0,"13":0,"14":0,"15":0,"16":0,"17":0,"18":0,"19":0,"20":0,"21":0,"22":0,"23":0,"24":0,"25":0,"26":0,"27":0,"28":0,"29":0,"30":0,"31":0,"32":0,"33":0,"34":0,"35":0,"36":0,"37":0},"f":{"0":0,"1":0,"2":0,"3":0,"4":0,"5":0,"6":0,"7":0,"8":0,"9":0,"10":0,"11":0,"12":0,"13":0,"14":0},"b":{"0":[0,0,0],"1":[0,0],"2":[0,0],"3":[0,0],"4":[0,0],"5":[0,0],"6":[0,0],"7":[0,0],"8":[0,0],"9":[0,0],"10":[0,0],"11":[0,0],"12":[0,0],"13":[0,0,0],"14":[0,0]}}
,"/Users/zyp/Downloads/cr/my-app/src/components/DangerButton.js": {"path":"/Users/zyp/Downloads/cr/my-app/src/components/DangerButton.js","statementMap":{"0":{"start":{"line":6,"column":8},"end":{"line":12,"column":9}}},"fnMap":{"0":{"name":"(anonymous_0)","decl":{"start":{"line":5,"column":4},"end":{"line":5,"column":5}},"loc":{"start":{"line":5,"column":13},"end":{"line":13,"column":5}},"line":5}},"branchMap":{},"s":{"0":2},"f":{"0":2},"b":{},"_coverageSchema":"332fd63041d2c1bcb487cc26dd0d5f7d97098a6c","hash":"d2271c97b91728a3df0976298c944828b72b47e0"}
,"/Users/zyp/Downloads/cr/my-app/src/components/InboxScreen.js": {"path":"/Users/zyp/Downloads/cr/my-app/src/components/InboxScreen.js","statementMap":{"0":{"start":{"line":10,"column":4},"end":{"line":20,"column":5}},"1":{"start":{"line":11,"column":8},"end":{"line":19,"column":10}},"2":{"start":{"line":22,"column":4},"end":{"line":32,"column":6}},"3":{"start":{"line":35,"column":0},"end":{"line":37,"column":2}},"4":{"start":{"line":39,"column":0},"end":{"line":41,"column":2}},"5":{"start":{"line":43,"column":39},"end":{"line":43,"column":48}}},"fnMap":{"0":{"name":"PureInboxScreen","decl":{"start":{"line":9,"column":16},"end":{"line":9,"column":31}},"loc":{"start":{"line":9,"column":43},"end":{"line":33,"column":1}},"line":9},"1":{"name":"(anonymous_1)","decl":{"start":{"line":43,"column":23},"end":{"line":43,"column":24}},"loc":{"start":{"line":43,"column":39},"end":{"line":43,"column":48}},"line":43}},"branchMap":{"0":{"loc":{"start":{"line":10,"column":4},"end":{"line":20,"column":5}},"type":"if","locations":[{"start":{"line":10,"column":4},"end":{"line":20,"column":5}},{"start":{"line":10,"column":4},"end":{"line":20,"column":5}}],"line":10}},"s":{"0":3,"1":1,"2":2,"3":2,"4":2,"5":1},"f":{"0":3,"1":1},"b":{"0":[1,2]},"_coverageSchema":"332fd63041d2c1bcb487cc26dd0d5f7d97098a6c","hash":"4adb5d232d24cdf23fd1d1b2d3850b461ab4ac88"}
,"/Users/zyp/Downloads/cr/my-app/src/components/InboxScreen.stories.js": {"path":"/Users/zyp/Downloads/cr/my-app/src/components/InboxScreen.stories.js","statementMap":{"0":{"start":{"line":10,"column":14},"end":{"line":18,"column":1}},"1":{"start":{"line":12,"column":8},"end":{"line":14,"column":10}},"2":{"start":{"line":16,"column":21},"end":{"line":16,"column":22}},"3":{"start":{"line":20,"column":0},"end":{"line":23,"column":63}},"4":{"start":{"line":21,"column":27},"end":{"line":21,"column":71}},"5":{"start":{"line":22,"column":26},"end":{"line":22,"column":45}},"6":{"start":{"line":23,"column":24},"end":{"line":23,"column":61}}},"fnMap":{"0":{"name":"(anonymous_0)","decl":{"start":{"line":11,"column":14},"end":{"line":11,"column":15}},"loc":{"start":{"line":11,"column":20},"end":{"line":15,"column":5}},"line":11},"1":{"name":"(anonymous_1)","decl":{"start":{"line":16,"column":15},"end":{"line":16,"column":16}},"loc":{"start":{"line":16,"column":21},"end":{"line":16,"column":22}},"line":16},"2":{"name":"(anonymous_2)","decl":{"start":{"line":21,"column":18},"end":{"line":21,"column":19}},"loc":{"start":{"line":21,"column":27},"end":{"line":21,"column":71}},"line":21},"3":{"name":"(anonymous_3)","decl":{"start":{"line":22,"column":20},"end":{"line":22,"column":21}},"loc":{"start":{"line":22,"column":26},"end":{"line":22,"column":45}},"line":22},"4":{"name":"(anonymous_4)","decl":{"start":{"line":23,"column":18},"end":{"line":23,"column":19}},"loc":{"start":{"line":23,"column":24},"end":{"line":23,"column":61}},"line":23}},"branchMap":{},"s":{"0":1,"1":4,"2":2,"3":1,"4":2,"5":1,"6":1},"f":{"0":4,"1":2,"2":2,"3":1,"4":1},"b":{},"_coverageSchema":"332fd63041d2c1bcb487cc26dd0d5f7d97098a6c","hash":"3c470d2317e5b7c43645e74082c60cba64e553fa"}
,"/Users/zyp/Downloads/cr/my-app/src/components/Task.js": {"path":"/Users/zyp/Downloads/cr/my-app/src/components/Task.js","statementMap":{"0":{"start":{"line":5,"column":4},"end":{"line":28,"column":6}},"1":{"start":{"line":14,"column":65},"end":{"line":14,"column":82}},"2":{"start":{"line":20,"column":55},"end":{"line":20,"column":78}},"3":{"start":{"line":22,"column":48},"end":{"line":22,"column":61}},"4":{"start":{"line":31,"column":0},"end":{"line":39,"column":2}},"5":{"start":{"line":41,"column":0},"end":{"line":43,"column":1}},"6":{"start":{"line":42,"column":4},"end":{"line":42,"column":37}},"7":{"start":{"line":45,"column":0},"end":{"line":47,"column":1}},"8":{"start":{"line":46,"column":4},"end":{"line":46,"column":34}}},"fnMap":{"0":{"name":"Task","decl":{"start":{"line":4,"column":9},"end":{"line":4,"column":13}},"loc":{"start":{"line":4,"column":72},"end":{"line":29,"column":1}},"line":4},"1":{"name":"(anonymous_1)","decl":{"start":{"line":14,"column":59},"end":{"line":14,"column":60}},"loc":{"start":{"line":14,"column":65},"end":{"line":14,"column":82}},"line":14},"2":{"name":"(anonymous_2)","decl":{"start":{"line":20,"column":46},"end":{"line":20,"column":47}},"loc":{"start":{"line":20,"column":55},"end":{"line":20,"column":78}},"line":20},"3":{"name":"(anonymous_3)","decl":{"start":{"line":22,"column":42},"end":{"line":22,"column":43}},"loc":{"start":{"line":22,"column":48},"end":{"line":22,"column":61}},"line":22},"4":{"name":"(anonymous_4)","decl":{"start":{"line":41,"column":21},"end":{"line":41,"column":22}},"loc":{"start":{"line":41,"column":35},"end":{"line":43,"column":1}},"line":41},"5":{"name":"(anonymous_5)","decl":{"start":{"line":45,"column":17},"end":{"line":45,"column":18}},"loc":{"start":{"line":45,"column":31},"end":{"line":47,"column":1}},"line":45}},"branchMap":{"0":{"loc":{"start":{"line":21,"column":17},"end":{"line":25,"column":17}},"type":"binary-expr","locations":[{"start":{"line":21,"column":17},"end":{"line":21,"column":42}},{"start":{"line":22,"column":20},"end":{"line":24,"column":24}}],"line":21}},"s":{"0":38,"1":0,"2":0,"3":0,"4":3,"5":3,"6":0,"7":3,"8":0},"f":{"0":38,"1":0,"2":0,"3":0,"4":0,"5":0},"b":{"0":[38,37]},"_coverageSchema":"332fd63041d2c1bcb487cc26dd0d5f7d97098a6c","hash":"24a3c13c25c78533b1de60391046915a61c5117e"}
,"/Users/zyp/Downloads/cr/my-app/src/components/Task.stories.js": {"path":"/Users/zyp/Downloads/cr/my-app/src/components/Task.stories.js","statementMap":{"0":{"start":{"line":8,"column":20},"end":{"line":13,"column":1}},"1":{"start":{"line":15,"column":23},"end":{"line":18,"column":1}},"2":{"start":{"line":20,"column":18},"end":{"line":20,"column":281}},"3":{"start":{"line":22,"column":0},"end":{"line":30,"column":89}},"4":{"start":{"line":25,"column":8},"end":{"line":25,"column":72}},"5":{"start":{"line":28,"column":25},"end":{"line":28,"column":87}},"6":{"start":{"line":29,"column":27},"end":{"line":29,"column":91}},"7":{"start":{"line":30,"column":29},"end":{"line":30,"column":87}}},"fnMap":{"0":{"name":"(anonymous_0)","decl":{"start":{"line":24,"column":20},"end":{"line":24,"column":21}},"loc":{"start":{"line":24,"column":26},"end":{"line":26,"column":5}},"line":24},"1":{"name":"(anonymous_1)","decl":{"start":{"line":28,"column":19},"end":{"line":28,"column":20}},"loc":{"start":{"line":28,"column":25},"end":{"line":28,"column":87}},"line":28},"2":{"name":"(anonymous_2)","decl":{"start":{"line":29,"column":21},"end":{"line":29,"column":22}},"loc":{"start":{"line":29,"column":27},"end":{"line":29,"column":91}},"line":29},"3":{"name":"(anonymous_3)","decl":{"start":{"line":30,"column":23},"end":{"line":30,"column":24}},"loc":{"start":{"line":30,"column":29},"end":{"line":30,"column":87}},"line":30}},"branchMap":{},"s":{"0":2,"1":2,"2":2,"3":2,"4":1,"5":1,"6":1,"7":1},"f":{"0":1,"1":1,"2":1,"3":1},"b":{},"_coverageSchema":"332fd63041d2c1bcb487cc26dd0d5f7d97098a6c","hash":"6997e832c71d8abccdb73d7e48dfdd813924b838"}
,"/Users/zyp/Downloads/cr/my-app/src/components/TaskList.js": {"path":"/Users/zyp/Downloads/cr/my-app/src/components/TaskList.js","statementMap":{"0":{"start":{"line":9,"column":19},"end":{"line":12,"column":5}},"1":{"start":{"line":14,"column":4},"end":{"line":34,"column":5}},"2":{"start":{"line":16,"column":12},"end":{"line":21,"column":18}},"3":{"start":{"line":24,"column":8},"end":{"line":33,"column":10}},"4":{"start":{"line":36,"column":4},"end":{"line":46,"column":5}},"5":{"start":{"line":37,"column":8},"end":{"line":45,"column":10}},"6":{"start":{"line":48,"column":25},"end":{"line":51,"column":5}},"7":{"start":{"line":49,"column":29},"end":{"line":49,"column":54}},"8":{"start":{"line":50,"column":29},"end":{"line":50,"column":54}},"9":{"start":{"line":53,"column":4},"end":{"line":57,"column":6}},"10":{"start":{"line":55,"column":38},"end":{"line":55,"column":84}},"11":{"start":{"line":59,"column":0},"end":{"line":64,"column":2}},"12":{"start":{"line":66,"column":0},"end":{"line":68,"column":2}},"13":{"start":{"line":71,"column":20},"end":{"line":73,"column":5}},"14":{"start":{"line":72,"column":33},"end":{"line":72,"column":86}},"15":{"start":{"line":74,"column":17},"end":{"line":77,"column":5}},"16":{"start":{"line":75,"column":29},"end":{"line":75,"column":54}},"17":{"start":{"line":76,"column":25},"end":{"line":76,"column":46}}},"fnMap":{"0":{"name":"PureTaskList","decl":{"start":{"line":8,"column":16},"end":{"line":8,"column":28}},"loc":{"start":{"line":8,"column":75},"end":{"line":58,"column":1}},"line":8},"1":{"name":"(anonymous_1)","decl":{"start":{"line":49,"column":24},"end":{"line":49,"column":25}},"loc":{"start":{"line":49,"column":29},"end":{"line":49,"column":54}},"line":49},"2":{"name":"(anonymous_2)","decl":{"start":{"line":50,"column":24},"end":{"line":50,"column":25}},"loc":{"start":{"line":50,"column":29},"end":{"line":50,"column":54}},"line":50},"3":{"name":"(anonymous_3)","decl":{"start":{"line":55,"column":30},"end":{"line":55,"column":31}},"loc":{"start":{"line":55,"column":38},"end":{"line":55,"column":84}},"line":55},"4":{"name":"(anonymous_4)","decl":{"start":{"line":71,"column":4},"end":{"line":71,"column":5}},"loc":{"start":{"line":71,"column":20},"end":{"line":73,"column":5}},"line":71},"5":{"name":"(anonymous_5)","decl":{"start":{"line":72,"column":28},"end":{"line":72,"column":29}},"loc":{"start":{"line":72,"column":33},"end":{"line":72,"column":86}},"line":72},"6":{"name":"(anonymous_6)","decl":{"start":{"line":74,"column":4},"end":{"line":74,"column":5}},"loc":{"start":{"line":74,"column":17},"end":{"line":77,"column":5}},"line":74},"7":{"name":"(anonymous_7)","decl":{"start":{"line":75,"column":23},"end":{"line":75,"column":24}},"loc":{"start":{"line":75,"column":29},"end":{"line":75,"column":54}},"line":75},"8":{"name":"(anonymous_8)","decl":{"start":{"line":76,"column":19},"end":{"line":76,"column":20}},"loc":{"start":{"line":76,"column":25},"end":{"line":76,"column":46}},"line":76}},"branchMap":{"0":{"loc":{"start":{"line":14,"column":4},"end":{"line":34,"column":5}},"type":"if","locations":[{"start":{"line":14,"column":4},"end":{"line":34,"column":5}},{"start":{"line":14,"column":4},"end":{"line":34,"column":5}}],"line":14},"1":{"loc":{"start":{"line":36,"column":4},"end":{"line":46,"column":5}},"type":"if","locations":[{"start":{"line":36,"column":4},"end":{"line":46,"column":5}},{"start":{"line":36,"column":4},"end":{"line":46,"column":5}}],"line":36},"2":{"loc":{"start":{"line":72,"column":33},"end":{"line":72,"column":86}},"type":"binary-expr","locations":[{"start":{"line":72,"column":33},"end":{"line":72,"column":57}},{"start":{"line":72,"column":61},"end":{"line":72,"column":86}}],"line":72}},"s":{"0":8,"1":8,"2":1,"3":1,"4":7,"5":1,"6":6,"7":34,"8":34,"9":6,"10":34,"11":3,"12":3,"13":3,"14":16,"15":2,"16":0,"17":0},"f":{"0":8,"1":34,"2":34,"3":34,"4":3,"5":16,"6":2,"7":0,"8":0},"b":{"0":[1,7],"1":[1,6],"2":[16,0]},"_coverageSchema":"332fd63041d2c1bcb487cc26dd0d5f7d97098a6c","hash":"71a6abbc54e141a2db5492453e03a2e0e858603d"}
,"/Users/zyp/Downloads/cr/my-app/src/components/TaskList.stories.js": {"path":"/Users/zyp/Downloads/cr/my-app/src/components/TaskList.stories.js","statementMap":{"0":{"start":{"line":6,"column":28},"end":{"line":13,"column":1}},"1":{"start":{"line":15,"column":31},"end":{"line":18,"column":1}},"2":{"start":{"line":20,"column":0},"end":{"line":25,"column":66}},"3":{"start":{"line":21,"column":27},"end":{"line":21,"column":75}},"4":{"start":{"line":22,"column":26},"end":{"line":22,"column":76}},"5":{"start":{"line":23,"column":34},"end":{"line":23,"column":87}},"6":{"start":{"line":24,"column":26},"end":{"line":24,"column":74}},"7":{"start":{"line":25,"column":24},"end":{"line":25,"column":64}}},"fnMap":{"0":{"name":"(anonymous_0)","decl":{"start":{"line":21,"column":18},"end":{"line":21,"column":19}},"loc":{"start":{"line":21,"column":27},"end":{"line":21,"column":75}},"line":21},"1":{"name":"(anonymous_1)","decl":{"start":{"line":22,"column":20},"end":{"line":22,"column":21}},"loc":{"start":{"line":22,"column":26},"end":{"line":22,"column":76}},"line":22},"2":{"name":"(anonymous_2)","decl":{"start":{"line":23,"column":28},"end":{"line":23,"column":29}},"loc":{"start":{"line":23,"column":34},"end":{"line":23,"column":87}},"line":23},"3":{"name":"(anonymous_3)","decl":{"start":{"line":24,"column":20},"end":{"line":24,"column":21}},"loc":{"start":{"line":24,"column":26},"end":{"line":24,"column":74}},"line":24},"4":{"name":"(anonymous_4)","decl":{"start":{"line":25,"column":18},"end":{"line":25,"column":19}},"loc":{"start":{"line":25,"column":24},"end":{"line":25,"column":64}},"line":25}},"branchMap":{},"s":{"0":2,"1":2,"2":2,"3":4,"4":1,"5":1,"6":1,"7":1},"f":{"0":4,"1":1,"2":1,"3":1,"4":1},"b":{},"_coverageSchema":"332fd63041d2c1bcb487cc26dd0d5f7d97098a6c","hash":"a70ef18d25bbec20ccb0f2c4079a59e5f79a5b9e"}
,"/Users/zyp/Downloads/cr/my-app/src/lib/redux.js": {"path":"/Users/zyp/Downloads/cr/my-app/src/lib/redux.js","statementMap":{"0":{"start":{"line":6,"column":23},"end":{"line":9,"column":1}},"1":{"start":{"line":12,"column":27},"end":{"line":12,"column":69}},"2":{"start":{"line":12,"column":34},"end":{"line":12,"column":68}},"3":{"start":{"line":13,"column":23},"end":{"line":13,"column":61}},"4":{"start":{"line":13,"column":30},"end":{"line":13,"column":60}},"5":{"start":{"line":17,"column":4},"end":{"line":24,"column":6}},"6":{"start":{"line":18,"column":8},"end":{"line":23,"column":10}},"7":{"start":{"line":21,"column":25},"end":{"line":21,"column":85}},"8":{"start":{"line":28,"column":23},"end":{"line":37,"column":1}},"9":{"start":{"line":29,"column":4},"end":{"line":36,"column":5}},"10":{"start":{"line":31,"column":12},"end":{"line":31,"column":68}},"11":{"start":{"line":33,"column":12},"end":{"line":33,"column":66}},"12":{"start":{"line":35,"column":12},"end":{"line":35,"column":25}},"13":{"start":{"line":41,"column":21},"end":{"line":46,"column":1}}},"fnMap":{"0":{"name":"(anonymous_0)","decl":{"start":{"line":12,"column":27},"end":{"line":12,"column":28}},"loc":{"start":{"line":12,"column":34},"end":{"line":12,"column":68}},"line":12},"1":{"name":"(anonymous_1)","decl":{"start":{"line":13,"column":23},"end":{"line":13,"column":24}},"loc":{"start":{"line":13,"column":30},"end":{"line":13,"column":60}},"line":13},"2":{"name":"taskStateReducer","decl":{"start":{"line":16,"column":9},"end":{"line":16,"column":25}},"loc":{"start":{"line":16,"column":37},"end":{"line":25,"column":1}},"line":16},"3":{"name":"(anonymous_3)","decl":{"start":{"line":17,"column":11},"end":{"line":17,"column":12}},"loc":{"start":{"line":17,"column":30},"end":{"line":24,"column":5}},"line":17},"4":{"name":"(anonymous_4)","decl":{"start":{"line":21,"column":16},"end":{"line":21,"column":17}},"loc":{"start":{"line":21,"column":25},"end":{"line":21,"column":85}},"line":21},"5":{"name":"(anonymous_5)","decl":{"start":{"line":28,"column":23},"end":{"line":28,"column":24}},"loc":{"start":{"line":28,"column":42},"end":{"line":37,"column":1}},"line":28}},"branchMap":{"0":{"loc":{"start":{"line":21,"column":25},"end":{"line":21,"column":85}},"type":"cond-expr","locations":[{"start":{"line":21,"column":49},"end":{"line":21,"column":78}},{"start":{"line":21,"column":81},"end":{"line":21,"column":85}}],"line":21},"1":{"loc":{"start":{"line":29,"column":4},"end":{"line":36,"column":5}},"type":"switch","locations":[{"start":{"line":30,"column":8},"end":{"line":31,"column":68}},{"start":{"line":32,"column":8},"end":{"line":33,"column":66}},{"start":{"line":34,"column":8},"end":{"line":35,"column":25}}],"line":29}},"s":{"0":3,"1":3,"2":0,"3":3,"4":0,"5":0,"6":0,"7":0,"8":3,"9":3,"10":0,"11":0,"12":3,"13":3},"f":{"0":0,"1":0,"2":0,"3":0,"4":0,"5":3},"b":{"0":[0,0],"1":[0,0,3]},"_coverageSchema":"332fd63041d2c1bcb487cc26dd0d5f7d97098a6c","hash":"80ea480b802376b4aee1a6a76b910338ff30f9e3"}
}
